<?xml version="1.0" encoding="UTF-8"?>
<testsuite name="crypt.impl.ElGamalEncrypterTest" tests="1" skipped="0" failures="0" errors="0" timestamp="2016-11-30T07:20:11" hostname="blouin-X550LD" time="0.016">
  <properties/>
  <testcase name="test" classname="crypt.impl.ElGamalEncrypterTest" time="0.016"/>
  <system-out><![CDATA[]]></system-out>
  <system-err><![CDATA[]]></system-err>
</testsuite>
